0 info it worked if it ends with ok
1 verbose cli [ '/usr/local/Cellar/node/5.11.0/bin/node',
1 verbose cli   '/usr/local/bin/npm',
1 verbose cli   'run-script',
1 verbose cli   'debug' ]
2 info using npm@3.8.6
3 info using node@v5.11.0
4 verbose run-script [ 'predebug', 'debug', 'postdebug' ]
5 info lifecycle openNAMU@0.0.1-alpha~predebug: openNAMU@0.0.1-alpha
6 silly lifecycle openNAMU@0.0.1-alpha~predebug: no script for predebug, continuing
7 info lifecycle openNAMU@0.0.1-alpha~debug: openNAMU@0.0.1-alpha
8 verbose lifecycle openNAMU@0.0.1-alpha~debug: unsafe-perm in lifecycle true
9 verbose lifecycle openNAMU@0.0.1-alpha~debug: PATH: /usr/local/lib/node_modules/npm/bin/node-gyp-bin:/Users/YJSoft/openNAMU/node_modules/.bin:/usr/local/Cellar/node/5.11.0/bin:/opt/local/bin:/opt/local/sbin::/usr/local/bin:/usr/bin:/bin:/usr/sbin:/sbin:~/.composer/vendor/bin:/Users/YJSoft/opt/bochs/bin:/Users/YJSoft/phantomjs/bin:/Users/YJSoft/go//bin
10 verbose lifecycle openNAMU@0.0.1-alpha~debug: CWD: /Users/YJSoft/openNAMU
11 silly lifecycle openNAMU@0.0.1-alpha~debug: Args: [ '-c', 'node ./bin/www --debug' ]
12 silly lifecycle openNAMU@0.0.1-alpha~debug: Returned: code: 1  signal: null
13 info lifecycle openNAMU@0.0.1-alpha~debug: Failed to exec debug script
14 verbose stack Error: openNAMU@0.0.1-alpha debug: `node ./bin/www --debug`
14 verbose stack Exit status 1
14 verbose stack     at EventEmitter.<anonymous> (/usr/local/lib/node_modules/npm/lib/utils/lifecycle.js:239:16)
14 verbose stack     at emitTwo (events.js:100:13)
14 verbose stack     at EventEmitter.emit (events.js:185:7)
14 verbose stack     at ChildProcess.<anonymous> (/usr/local/lib/node_modules/npm/lib/utils/spawn.js:24:14)
14 verbose stack     at emitTwo (events.js:100:13)
14 verbose stack     at ChildProcess.emit (events.js:185:7)
14 verbose stack     at maybeClose (internal/child_process.js:850:16)
14 verbose stack     at Process.ChildProcess._handle.onexit (internal/child_process.js:215:5)
15 verbose pkgid openNAMU@0.0.1-alpha
16 verbose cwd /Users/YJSoft/openNAMU
17 error Darwin 15.4.0
18 error argv "/usr/local/Cellar/node/5.11.0/bin/node" "/usr/local/bin/npm" "run-script" "debug"
19 error node v5.11.0
20 error npm  v3.8.6
21 error code ELIFECYCLE
22 error openNAMU@0.0.1-alpha debug: `node ./bin/www --debug`
22 error Exit status 1
23 error Failed at the openNAMU@0.0.1-alpha debug script 'node ./bin/www --debug'.
23 error Make sure you have the latest version of node.js and npm installed.
23 error If you do, this is most likely a problem with the openNAMU package,
23 error not with npm itself.
23 error Tell the author that this fails on your system:
23 error     node ./bin/www --debug
23 error You can get information on how to open an issue for this project with:
23 error     npm bugs openNAMU
23 error Or if that isn't available, you can get their info via:
23 error     npm owner ls openNAMU
23 error There is likely additional logging output above.
24 verbose exit [ 1, true ]
